<?xml version="1.0" encoding="UTF-8"?>
<!-- Generated by org.testng.reporters.JUnitReportReporter -->
<testsuite hostname="Mac.lan" failures="0" tests="1" name="com.mycompany.simulacion.test.TestSafari" time="2.908" errors="0" timestamp="22 Mar 2025 03:31:11 GMT">
  <testcase classname="com.mycompany.simulacion.test.TestSafari" name="testLoginUsuarioExitoso" time="2.908"/>
</testsuite> <!-- com.mycompany.simulacion.test.TestSafari -->
