<?xml version="1.0" encoding="UTF-8"?>
<!-- Generated by org.testng.reporters.JUnitReportReporter -->
<testsuite hostname="Mac.lan" failures="0" tests="6" name="com.mycompany.simulacion.test.TestSafari" time="17.831" errors="0" timestamp="22 Mar 2025 22:40:38 GMT">
  <testcase classname="com.mycompany.simulacion.test.TestSafari" name="testCompletarCheckout" time="2.171"/>
  <testcase classname="com.mycompany.simulacion.test.TestSafari" name="testIngreso" time="0.016"/>
  <testcase classname="com.mycompany.simulacion.test.TestSafari" name="testAgregarAlCarrito" time="9.143"/>
  <testcase classname="com.mycompany.simulacion.test.TestSafari" name="testProducto" time="2.185"/>
  <testcase classname="com.mycompany.simulacion.test.TestSafari" name="testFinalizarCompra" time="2.093"/>
  <testcase classname="com.mycompany.simulacion.test.TestSafari" name="testCheckoutCampos" time="2.223"/>
</testsuite> <!-- com.mycompany.simulacion.test.TestSafari -->
