<?xml version="1.0" encoding="UTF-8"?>
<!-- Generated by org.testng.reporters.JUnitReportReporter -->
<testsuite hostname="Mac.lan" failures="0" tests="4" name="com.mycompany.simulacion.test.TestSafari" time="9.730" errors="0" timestamp="22 Mar 2025 15:59:12 GMT">
  <testcase classname="com.mycompany.simulacion.test.TestSafari" name="testAgregarAlCarrito" time="5.301"/>
  <testcase classname="com.mycompany.simulacion.test.TestSafari" name="testCheckoutCampos" time="2.255"/>
  <testcase classname="com.mycompany.simulacion.test.TestSafari" name="testProducto" time="2.169"/>
  <testcase classname="com.mycompany.simulacion.test.TestSafari" name="testIngreso" time="0.005"/>
</testsuite> <!-- com.mycompany.simulacion.test.TestSafari -->
